2026-02-04 16:04:21,038 - INFO - Starting crawl...
2026-02-04 16:04:21,040 - INFO - Visiting: https://mohfw.gov.in
2026-02-04 16:04:22,995 - WARNING - Attempt 1/3 failed for https://mohfw.gov.in: ('Connection aborted.', ConnectionResetError(10054, 'An existing connection was forcibly closed by the remote host', None, 10054, None))
2026-02-04 16:04:26,111 - INFO - Visiting: https://mohfw.gov.in/hi/site-map
2026-02-04 16:04:38,855 - INFO - Visiting: https://mohfw.gov.in/en
2026-02-04 16:04:40,718 - INFO - Visiting: https://mohfw.gov.in/?q=hi
2026-02-04 16:04:42,902 - INFO - Visiting: https://tbcindia.mohfw.gov.in
2026-02-04 16:04:48,645 - INFO - Visiting: https://esanjeevani.mohfw.gov.in/
2026-02-04 16:04:50,904 - INFO - Visiting: https://mohfw.gov.in/?q=hi/%E0%A4%B9%E0%A4%AE%E0%A4%BE%E0%A4%B0%E0%A5%87-%E0%A4%AC%E0%A4%BE%E0%A4%B0%E0%A5%87-%E0%A4%AE%E0%A5%87%E0%A4%82/%E0%A4%AE%E0%A4%82%E0%A4%A4%E0%A5%8D%E0%A4%B0%E0%A4%BE%E0%A4%B2%E0%A4%AF-%E0%A4%95%E0%A5%87-%E0%A4%AC%E0%A4%BE%E0%A4%B0%E0%A5%87-%E0%A4%AE%E0%A5%87%E0%A4%82
2026-02-04 16:04:53,617 - INFO - Visiting: https://mohfw.gov.in/?q=hi/about-us/whos-who
2026-02-04 16:04:55,944 - INFO - Visiting: https://mohfw.gov.in/?q=hi/%E0%A4%B9%E0%A4%AE%E0%A4%BE%E0%A4%B0%E0%A5%87-%E0%A4%AC%E0%A4%BE%E0%A4%B0%E0%A5%87-%E0%A4%AE%E0%A5%87%E0%A4%82/%E0%A4%AE%E0%A4%82%E0%A4%A4%E0%A5%8D%E0%A4%B0%E0%A4%BF%E0%A4%AF%E0%A5%8B%E0%A4%82-%E0%A4%B8%E0%A5%87-%E0%A4%AA%E0%A4%B0%E0%A4%BF%E0%A4%9A%E0%A4%AF/%E0%A4%95%E0%A5%88%E0%A4%AC%E0%A4%BF%E0%A4%A8%E0%A5%87%E0%A4%9F-%E0%A4%AE%E0%A4%82%E0%A4%A4%E0%A5%8D%E0%A4%B0%E0%A5%80-
2026-02-04 16:04:59,043 - INFO - Visiting: https://mohfw.gov.in/?q=hi/%E0%A4%B9%E0%A4%AE%E0%A4%BE%E0%A4%B0%E0%A5%87-%E0%A4%AC%E0%A4%BE%E0%A4%B0%E0%A5%87-%E0%A4%AE%E0%A5%87%E0%A4%82/%E0%A4%AE%E0%A4%82%E0%A4%A4%E0%A5%8D%E0%A4%B0%E0%A4%BF%E0%A4%AF%E0%A5%8B%E0%A4%82-%E0%A4%B8%E0%A5%87-%E0%A4%AA%E0%A4%B0%E0%A4%BF%E0%A4%9A%E0%A4%AF/%E0%A4%B0%E0%A4%BE%E0%A4%9C%E0%A5%8D%E0%A4%AF-%E0%A4%AE%E0%A4%82%E0%A4%A4%E0%A5%8D%E0%A4%B0%E0%A5%80_
2026-02-04 16:05:03,453 - INFO - Visiting: https://mohfw.gov.in/?q=hi/%E0%A4%B9%E0%A4%AE%E0%A4%BE%E0%A4%B0%E0%A5%87-%E0%A4%AC%E0%A4%BE%E0%A4%B0%E0%A5%87-%E0%A4%AE%E0%A5%87%E0%A4%82/%E0%A4%AE%E0%A4%82%E0%A4%A4%E0%A5%8D%E0%A4%B0%E0%A4%BF%E0%A4%AF%E0%A5%8B%E0%A4%82-%E0%A4%B8%E0%A5%87-%E0%A4%AA%E0%A4%B0%E0%A4%BF%E0%A4%9A%E0%A4%AF/%E0%A4%9F%E0%A5%8D%E0%A4%B5%E0%A4%BF%E0%A4%9F%E0%A4%B0-%E0%A4%AB%E0%A5%80%E0%A4%A1%E0%A5%8D%E0%A4%B8
2026-02-04 16:05:12,099 - INFO - Visiting: https://mohfw.gov.in/?q=hi/%E0%A4%B9%E0%A4%AE%E0%A4%BE%E0%A4%B0%E0%A5%87-%E0%A4%AC%E0%A4%BE%E0%A4%B0%E0%A5%87-%E0%A4%AE%E0%A5%87%E0%A4%82/%E0%A4%AE%E0%A4%82%E0%A4%A4%E0%A5%8D%E0%A4%B0%E0%A4%BF%E0%A4%AF%E0%A5%8B%E0%A4%82-%E0%A4%B8%E0%A5%87-%E0%A4%AA%E0%A4%B0%E0%A4%BF%E0%A4%9A%E0%A4%AF/%E0%A4%B8%E0%A4%82%E0%A4%AA%E0%A4%B0%E0%A5%8D%E0%A4%95-%E0%A4%B5%E0%A4%BF%E0%A4%B5%E0%A4%B0%E0%A4%A3
2026-02-04 16:05:18,160 - INFO - Visiting: https://mohfw.gov.in/?q=hi/about-us/organisational-chart
2026-02-04 16:05:25,983 - INFO - Visiting: https://mohfw.gov.in/?q=en/about-us/organisational-set
2026-02-04 16:05:31,930 - INFO - Visiting: https://mohfw.gov.in/?q=hi/%E0%A4%B9%E0%A4%AE%E0%A4%BE%E0%A4%B0%E0%A5%87-%E0%A4%AC%E0%A4%BE%E0%A4%B0%E0%A5%87-%E0%A4%AE%E0%A5%87%E0%A4%82/%E0%A4%B8%E0%A4%82%E0%A4%B5%E0%A5%88%E0%A4%A7%E0%A4%BE%E0%A4%A8%E0%A4%BF%E0%A4%95-%E0%A4%AA%E0%A5%8D%E0%A4%B0%E0%A4%BE%E0%A4%B5%E0%A4%A7%E0%A4%BE%E0%A4%A8
2026-02-04 16:05:44,314 - INFO - Visiting: https://mohfw.gov.in/?q=hi/%E0%A4%B8%E0%A4%82%E0%A4%97%E0%A4%A0%E0%A4%A8/%E0%A4%B8%E0%A5%8D%E0%A4%B5%E0%A4%BE%E0%A4%B8%E0%A5%8D%E0%A4%A5%E0%A5%8D%E0%A4%AF-%E0%A4%94%E0%A4%B0-%E0%A4%AA%E0%A4%B0%E0%A4%BF%E0%A4%B5%E0%A4%BE%E0%A4%B0-%E0%A4%95%E0%A4%B2%E0%A5%8D%E0%A4%AF%E0%A4%BE%E0%A4%A3-%E0%A4%B5%E0%A4%BF%E0%A4%AD%E0%A4%BE%E0%A4%97
2026-02-04 16:05:56,060 - INFO - Visiting: https://dghs.mohfw.gov.in/index-hi.php?lang=hi
2026-02-04 16:06:00,730 - INFO - Visiting: https://mohfw.gov.in/?q=hi/%E0%A4%B8%E0%A4%82%E0%A4%97%E0%A4%A0%E0%A4%A8/%E0%A4%B8%E0%A5%8D%E0%A4%B5%E0%A4%BE%E0%A4%AF%E0%A4%A4%E0%A5%8D%E0%A4%A4-%E0%A4%A8%E0%A4%BF%E0%A4%95%E0%A4%BE%E0%A4%AF
2026-02-04 16:06:05,074 - INFO - Visiting: https://mohfw.gov.in/?q=hi/%E0%A4%B8%E0%A4%82%E0%A4%97%E0%A4%A0%E0%A4%A8/%E0%A4%B0%E0%A4%BE%E0%A4%9C%E0%A5%8D%E0%A4%AF-%E0%A4%B8%E0%A5%8D%E0%A4%B5%E0%A4%BE%E0%A4%B8%E0%A5%8D%E0%A4%A5%E0%A5%8D%E0%A4%AF-%E0%A4%B5%E0%A4%BF%E0%A4%AD%E0%A4%BE%E0%A4%97
2026-02-04 16:06:08,611 - INFO - Visiting: https://mohfw.gov.in/?q=hi/%E0%A4%B8%E0%A4%82%E0%A4%97%E0%A4%A0%E0%A4%A8/%E0%A4%B0%E0%A4%BE%E0%A4%9C%E0%A5%8D%E0%A4%AF-%E0%A4%B8%E0%A5%8D%E0%A4%B5%E0%A4%BE%E0%A4%B8%E0%A5%8D%E0%A4%A5%E0%A5%8D%E0%A4%AF-%E0%A4%B8%E0%A5%8B%E0%A4%B8%E0%A4%BE%E0%A4%AF%E0%A4%9F%E0%A4%BF%E0%A4%AF%E0%A4%BE%E0%A4%82_
2026-02-04 16:06:13,639 - INFO - Visiting: https://mohfw.gov.in/?q=hi/%E0%A4%B8%E0%A4%82%E0%A4%97%E0%A4%A0%E0%A4%A8/%E0%A4%85%E0%A4%B8%E0%A5%8D%E0%A4%AA%E0%A4%A4%E0%A4%BE%E0%A4%B2
2026-02-04 16:06:19,431 - INFO - Visiting: https://mohfw.gov.in/?q=hi/%E0%A4%B8%E0%A4%82%E0%A4%97%E0%A4%A0%E0%A4%A8/%E0%A4%B8%E0%A4%82%E0%A4%B8%E0%A5%8D%E0%A4%A5%E0%A4%BE%E0%A4%A8%E0%A5%8B%E0%A4%82/%E0%A4%B6%E0%A4%BF%E0%A4%95%E0%A5%8D%E0%A4%B7%E0%A4%A3-%E0%A4%B8%E0%A4%82%E0%A4%B8%E0%A5%8D%E0%A4%A5%E0%A4%BE%E0%A4%A8
2026-02-04 16:06:28,286 - INFO - Visiting: https://mohfw.gov.in/?q=hi/%E0%A4%B8%E0%A4%82%E0%A4%97%E0%A4%A0%E0%A4%A8/%E0%A4%B8%E0%A4%82%E0%A4%B8%E0%A5%8D%E0%A4%A5%E0%A4%BE%E0%A4%A8%E0%A5%8B%E0%A4%82/%E0%A4%85%E0%A4%A8%E0%A5%81%E0%A4%B8%E0%A4%82%E0%A4%A7%E0%A4%BE%E0%A4%A8-%E0%A4%B8%E0%A4%82%E0%A4%B8%E0%A5%8D%E0%A4%A5%E0%A4%BE%E0%A4%A8
2026-02-04 16:06:35,367 - INFO - Visiting: https://idsp.mohfw.gov.in/
2026-02-04 16:06:48,845 - INFO - Visiting: https://mohfw.gov.in/?q=hi/nmhp
2026-02-04 16:06:55,058 - INFO - Visiting: https://mohfw.gov.in/?q=hi/nppcd
2026-02-04 16:07:02,465 - INFO - Visiting: https://mohfw.gov.in/?q=hi/cmh
2026-02-04 16:07:14,432 - INFO - Visiting: https://mohfw.gov.in/?q=hi/major-programmes/poor-patients-financial-support
2026-02-04 16:07:21,534 - INFO - Visiting: https://mohfw.gov.in/?q=hi/%E0%A4%AA%E0%A5%8D%E0%A4%B0%E0%A4%AE%E0%A5%81%E0%A4%96-%E0%A4%95%E0%A4%BE%E0%A4%B0%E0%A5%8D%E0%A4%AF%E0%A4%95%E0%A5%8D%E0%A4%B0%E0%A4%AE/%E0%A4%85%E0%A4%B5%E0%A4%B8%E0%A4%82%E0%A4%B0%E0%A4%9A%E0%A4%A8%E0%A4%BE-%E0%A4%B0%E0%A4%96%E0%A4%B0%E0%A4%96%E0%A4%BE%E0%A4%B5
2026-02-04 16:07:29,974 - INFO - Visiting: https://mohfw.gov.in/?q=hi/%E0%A4%AA%E0%A5%8D%E0%A4%B0%E0%A4%AE%E0%A5%81%E0%A4%96-%E0%A4%95%E0%A4%BE%E0%A4%B0%E0%A5%8D%E0%A4%AF%E0%A4%95%E0%A5%8D%E0%A4%B0%E0%A4%AE/%E0%A4%85%E0%A4%A8%E0%A5%8D%E0%A4%AF-%E0%A4%B0%E0%A4%BE%E0%A4%B7%E0%A5%8D%E0%A4%9F%E0%A5%8D%E0%A4%B0%E0%A5%80%E0%A4%AF-%E0%A4%B8%E0%A5%8D%E0%A4%B5%E0%A4%BE%E0%A4%B8%E0%A5%8D%E0%A4%A5%E0%A5%8D%E0%A4%AF-%E0%A4%95%E0%A4%BE%E0%A4%B0%E0%A5%8D%E0%A4%AF%E0%A4%95%E0%A5%8D%E0%A4%B0%E0%A4%AE
2026-02-04 16:07:36,108 - INFO - Visiting: https://mohfw.gov.in/?q=hi/universal
2026-02-04 16:07:40,038 - INFO - Visiting: https://mohfw.gov.in/?q=hi/pulse
2026-02-04 16:07:44,455 - INFO - Visiting: https://mohfw.gov.in/sites/default/files/san.pdf
2026-02-04 16:07:46,740 - INFO - Downloaded: san.pdf (529.3 KB)
2026-02-04 16:07:46,742 - INFO - Visiting: https://mohfw.gov.in/tb-reports
2026-02-04 16:07:49,541 - INFO - Visiting: https://mohfw.gov.in/?q=pressrelease-152
2026-02-04 16:07:51,536 - INFO - Visiting: https://mohfw.gov.in/photo-gallerytb
2026-02-04 16:07:54,576 - INFO - Visiting: https://mohfw.gov.in/?q=photo-galleryrecent
2026-02-04 16:07:57,894 - INFO - Visiting: https://mohfw.gov.in/?q=hi/basicpage-4
2026-02-04 16:08:01,526 - INFO - Visiting: https://mohfw.gov.in/basicpage-69
2026-02-04 16:08:03,343 - INFO - Visiting: https://mohfw.gov.in/?q=hi/documents/reports
2026-02-04 16:08:05,406 - INFO - Visiting: https://mohfw.gov.in/?q=hi/%E0%A4%A6%E0%A4%B8%E0%A5%8D%E0%A4%A4%E0%A4%BE%E0%A4%B5%E0%A5%87%E0%A4%9C/policy
2026-02-04 16:08:08,815 - INFO - Visiting: https://mohfw.gov.in/?q=hi/%E0%A4%A6%E0%A4%B8%E0%A5%8D%E0%A4%A4%E0%A4%BE%E0%A4%B5%E0%A5%87%E0%A4%9C/%E0%A4%B8%E0%A4%BE%E0%A4%82%E0%A4%96%E0%A5%8D%E0%A4%AF%E0%A4%BF%E0%A4%95%E0%A5%80
2026-02-04 16:08:10,768 - INFO - Visiting: https://mohfw.gov.in/?q=hi/%E0%A4%A6%E0%A4%B8%E0%A5%8D%E0%A4%A4%E0%A4%BE%E0%A4%B5%E0%A5%87%E0%A4%9C/%E0%A4%95%E0%A4%BE%E0%A4%B0%E0%A5%8D%E0%A4%AF%E0%A4%95%E0%A5%8D%E0%A4%B0%E0%A4%AE-%E0%A4%A6%E0%A4%BF%E0%A4%B6%E0%A4%BE%E0%A4%A8%E0%A4%BF%E0%A4%B0%E0%A5%8D%E0%A4%A6%E0%A5%87%E0%A4%B6
2026-02-04 16:08:14,125 - INFO - Visiting: https://mohfw.gov.in/?q=hi/%E0%A4%A6%E0%A4%B8%E0%A5%8D%E0%A4%A4%E0%A4%BE%E0%A4%B5%E0%A5%87%E0%A4%9C/rfd1
2026-02-04 16:08:17,079 - INFO - Visiting: https://mohfw.gov.in/?q=hi/documents/publication
2026-02-04 16:08:19,795 - INFO - Visiting: https://mohfw.gov.in/?q=hi/%E0%A4%A6%E0%A4%B8%E0%A5%8D%E0%A4%A4%E0%A4%BE%E0%A4%B5%E0%A5%87%E0%A4%9C/%E0%A4%AC%E0%A4%9C%E0%A4%9F/%E0%A4%AA%E0%A4%B0%E0%A4%BF%E0%A4%A3%E0%A4%BE%E0%A4%AE%E0%A5%80-%E0%A4%AC%E0%A4%9C%E0%A4%9F
2026-02-04 16:08:22,828 - INFO - Visiting: https://mohfw.gov.in/?q=hi/%E0%A4%A6%E0%A4%B8%E0%A5%8D%E0%A4%A4%E0%A4%BE%E0%A4%B5%E0%A5%87%E0%A4%9C/%E0%A4%AC%E0%A4%9C%E0%A4%9F/%E0%A4%B5%E0%A5%8D%E0%A4%AF%E0%A4%AF-%E0%A4%AC%E0%A4%9C%E0%A4%9F
2026-02-04 16:08:24,937 - INFO - Visiting: https://mohfw.gov.in/?q=hi/Documents/Recruitment-Rules
2026-02-04 16:08:27,897 - INFO - Visiting: https://mohfw.gov.in/?q=hi/%E0%A4%A6%E0%A4%B8%E0%A5%8D%E0%A4%A4%E0%A4%BE%E0%A4%B5%E0%A5%87%E0%A4%9C/%E0%A4%AB%E0%A4%BE%E0%A4%B0%E0%A5%8D%E0%A4%AE
2026-02-04 16:08:29,807 - INFO - Visiting: https://mohfw.gov.in/?q=hi/%E0%A4%A6%E0%A4%B8%E0%A5%8D%E0%A4%A4%E0%A4%BE%E0%A4%B5%E0%A5%87%E0%A4%9C%E0%A4%BC/%E0%A4%AA%E0%A4%B0%E0%A4%BF%E0%A4%AA%E0%A4%A4%E0%A5%8D%E0%A4%B0/%E0%A4%85%E0%A4%B8%E0%A5%8D%E0%A4%AA%E0%A4%A4%E0%A4%BE%E0%A4%B2-ii
2026-02-04 16:08:31,892 - INFO - Visiting: https://mohfw.gov.in/?q=hi/%E0%A4%A6%E0%A4%B8%E0%A5%8D%E0%A4%A4%E0%A4%BE%E0%A4%B5%E0%A5%87%E0%A4%9C%20/%E0%A4%AA%E0%A4%B0%E0%A4%BF%E0%A4%AA%E0%A4%A4%E0%A5%8D%E0%A4%B0/%E0%A4%95%E0%A5%87%E0%A4%82%E0%A4%A6%E0%A5%8D%E0%A4%B0%E0%A5%80%E0%A4%AF%20%E0%A4%B8%E0%A5%8D%E0%A4%B5%E0%A4%BE%E0%A4%B8%E0%A5%8D%E0%A4%A5%E0%A5%8D%E0%A4%AF%20%E0%A4%B8%E0%A5%87%E0%A4%B5%E0%A4%BE%20%28%E0%A4%B8%E0%A5%80%E0%A4%8F%E0%A4%9A%E0%A4%8F%E0%A4%B8%29
2026-02-04 16:08:34,496 - INFO - Visiting: https://mohfw.gov.in/?q=hi/%E0%A4%A6%E0%A4%B8%E0%A5%8D%E0%A4%A4%E0%A4%BE%E0%A4%B5%E0%A5%87%E0%A4%9C/%E0%A4%86%E0%A4%AF%E0%A5%81%E0%A4%B7%E0%A5%8D%E0%A4%AE%E0%A4%BE%E0%A4%A8%E0%A4%AD%E0%A4%BE%E0%A4%B0%E0%A4%A4%E0%A4%B8%E0%A5%8D%E0%A4%B5%E0%A4%BE%E0%A4%B8%E0%A5%8D%E0%A4%A5%E0%A5%8D%E0%A4%AF%E0%A4%8F%E0%A4%B5%E0%A4%82%E0%A4%86%E0%A4%B0%E0%A5%8B%E0%A4%97%E0%A5%8D%E0%A4%AF%E0%A4%95%E0%A5%87%E0%A4%82%E0%A4%A6%E0%A5%8D%E0%A4%B0
2026-02-04 16:08:37,500 - INFO - Visiting: https://mohfw.gov.in/?q=basicpage/hospital-i
2026-02-04 16:08:42,322 - INFO - Visiting: https://mohfw.gov.in/?q=hi/%E0%A4%A1%E0%A4%BF%E0%A4%9C%E0%A4%BF%E0%A4%9F%E0%A4%B2-%E0%A4%B8%E0%A5%87%E0%A4%B5%E0%A4%BE%E0%A4%8F%E0%A4%82/%E0%A4%9A%E0%A4%BF%E0%A4%95%E0%A4%BF%E0%A4%A4%E0%A5%8D%E0%A4%B8%E0%A4%BE-%E0%A4%B6%E0%A4%BF%E0%A4%95%E0%A5%8D%E0%A4%B7%E0%A4%BE-%E0%A4%8F%E0%A4%B5%E0%A4%82-%E0%A4%AA%E0%A4%B0%E0%A4%BE%E0%A4%AE%E0%A4%B0%E0%A5%8D%E0%A4%B6
2026-02-04 16:08:45,514 - INFO - Visiting: https://covid19dashboard.mohfw.gov.in/
2026-02-04 16:08:47,665 - INFO - Visiting: https://mohfw.gov.in/?q=hi/%E0%A4%A6%E0%A4%B8%E0%A5%8D%E0%A4%A4%E0%A4%BE%E0%A4%B5%E0%A5%87%E0%A4%9C/%E0%A4%A8%E0%A4%BE%E0%A4%97%E0%A4%B0%E0%A4%BF%E0%A4%95-%E0%A4%9A%E0%A4%BE%E0%A4%B0%E0%A5%8D%E0%A4%9F%E0%A4%B0
2026-02-04 16:08:50,645 - INFO - Visiting: https://mohfw.gov.in/?q=hi/%E0%A4%88-%E0%A4%A8%E0%A4%BE%E0%A4%97%E0%A4%B0%E0%A4%BF%E0%A4%95/%E0%A4%86%E0%A4%B0%E0%A4%9F%E0%A5%80%E0%A4%86%E0%A4%88
2026-02-04 16:08:54,176 - INFO - Visiting: https://mohfw.gov.in/?q=hi/%E0%A4%A6%E0%A4%B8%E0%A5%8D%E0%A4%A4%E0%A4%BE%E0%A4%B5%E0%A5%87%E0%A4%9C/csma
2026-02-04 16:08:56,955 - INFO - Visiting: https://mohfw.gov.in/?q=hi/e-tender
2026-02-04 16:08:58,912 - INFO - Visiting: https://mohfw.gov.in/?q=hi/%E0%A4%88-%E0%A4%A8%E0%A4%BE%E0%A4%97%E0%A4%B0%E0%A4%BF%E0%A4%95/%E0%A4%B8%E0%A5%8D%E0%A4%B5%E0%A4%BE%E0%A4%B8%E0%A5%8D%E0%A4%A5%E0%A5%8D%E0%A4%AF-%E0%A4%95%E0%A5%8D%E0%A4%B7%E0%A5%87%E0%A4%A4%E0%A5%8D%E0%A4%B0-%E0%A4%95%E0%A5%87-%E0%A4%85%E0%A4%A7%E0%A4%BF%E0%A4%A8%E0%A4%BF%E0%A4%AF%E0%A4%AE-%E0%A4%A8%E0%A4%BF%E0%A4%AF%E0%A4%AE-%E0%A4%94%E0%A4%B0-%E0%A4%AE%E0%A4%BE%E0%A4%A8%E0%A4%95/acts
2026-02-04 16:09:01,523 - INFO - Visiting: https://mohfw.gov.in/?q=hi/%E0%A4%88-%E0%A4%A8%E0%A4%BE%E0%A4%97%E0%A4%B0%E0%A4%BF%E0%A4%95/%E0%A4%B8%E0%A5%8D%E0%A4%B5%E0%A4%BE%E0%A4%B8%E0%A5%8D%E0%A4%A5%E0%A5%8D%E0%A4%AF-%E0%A4%95%E0%A5%8D%E0%A4%B7%E0%A5%87%E0%A4%A4%E0%A5%8D%E0%A4%B0-%E0%A4%95%E0%A5%87-%E0%A4%85%E0%A4%A7%E0%A4%BF%E0%A4%A8%E0%A4%BF%E0%A4%AF%E0%A4%AE-%E0%A4%A8%E0%A4%BF%E0%A4%AF%E0%A4%AE-%E0%A4%94%E0%A4%B0-%E0%A4%AE%E0%A4%BE%E0%A4%A8%E0%A4%95/notifications
2026-02-04 16:09:04,624 - INFO - Visiting: https://mohfw.gov.in/?q=hi/%E0%A4%B8%E0%A5%8D%E0%A4%B5%E0%A4%BE%E0%A4%B8%E0%A5%8D%E0%A4%A5%E0%A5%8D%E0%A4%AF-%E0%A4%95%E0%A5%8D%E0%A4%B7%E0%A5%87%E0%A4%A4%E0%A5%8D%E0%A4%B0-%E0%A4%95%E0%A5%87-%E0%A4%85%E0%A4%A7%E0%A4%BF%E0%A4%A8%E0%A4%BF%E0%A4%AF%E0%A4%AE-%E0%A4%A8%E0%A4%BF%E0%A4%AF%E0%A4%AE-%E0%A4%94%E0%A4%B0-%E0%A4%AE%E0%A4%BE%E0%A4%A8%E0%A4%95/%E0%A4%B8%E0%A5%8D%E0%A4%B5%E0%A4%BE%E0%A4%B8%E0%A5%8D%E0%A4%A5%E0%A5%8D%E0%A4%AF-%E0%A4%95%E0%A5%8D%E0%A4%B7%E0%A5%87%E0%A4%A4%E0%A5%8D%E0%A4%B0-%E0%A4%95%E0%A5%87-%E0%A4%B2%E0%A4%BF%E0%A4%8F-%E0%A4%AE%E0%A4%BE%E0%A4%A8%E0%A4%95
2026-02-04 16:09:07,250 - INFO - Visiting: https://mohfw.gov.in/?q=hi/node/4334
2026-02-04 16:09:09,307 - INFO - Visiting: https://mohfw.gov.in/?q=hi/%E0%A4%AE%E0%A5%80%E0%A4%A1%E0%A4%BF%E0%A4%AF%E0%A4%BE/%E0%A4%AB%E0%A5%8B%E0%A4%9F%E0%A5%8B%20%E0%A4%97%E0%A5%88%E0%A4%B2%E0%A4%B0%E0%A5%80
2026-02-04 16:09:12,681 - INFO - Visiting: https://mohfw.gov.in/?q=hi/%E0%A4%AE%E0%A5%80%E0%A4%A1%E0%A4%BF%E0%A4%AF%E0%A4%BE/news-and-highlights
2026-02-04 16:09:14,795 - INFO - Visiting: https://mohfw.gov.in/?q=hi/%E0%A4%AE%E0%A5%80%E0%A4%A1%E0%A4%BF%E0%A4%AF%E0%A4%BE/%E0%A4%88%E0%A4%B5%E0%A5%87%E0%A4%82%E0%A4%9F-%E0%A4%98%E0%A5%8B%E0%A4%B7%E0%A4%A3%E0%A4%BE%E0%A4%8F%E0%A4%82
2026-02-04 16:09:18,255 - INFO - Visiting: https://mohfw.gov.in/?q=hi/%E0%A4%AE%E0%A5%80%E0%A4%A1%E0%A4%BF%E0%A4%AF%E0%A4%BE/%E0%A4%AA%E0%A5%8D%E0%A4%B0%E0%A4%AE%E0%A5%81%E0%A4%96-%E0%A4%89%E0%A4%AA%E0%A4%B2%E0%A4%AC%E0%A5%8D%E0%A4%A7%E0%A4%BF%E0%A4%AF%E0%A4%BE%E0%A4%82
2026-02-04 16:09:21,158 - INFO - Visiting: https://mohfw.gov.in/?q=hi/%E0%A4%AE%E0%A5%80%E0%A4%A1%E0%A4%BF%E0%A4%AF%E0%A4%BE/%E0%A4%B0%E0%A5%8B%E0%A4%97%20%E0%A4%9A%E0%A5%87%E0%A4%A4%E0%A4%BE%E0%A4%B5%E0%A4%A8%E0%A5%80
2026-02-04 16:09:24,486 - INFO - Visiting: https://mohfw.gov.in/?q=hi/%E0%A4%AE%E0%A5%80%E0%A4%A1%E0%A4%BF%E0%A4%AF%E0%A4%BE/%E0%A4%AA%E0%A5%8D%E0%A4%B0%E0%A4%AE%E0%A5%81%E0%A4%96-%E0%A4%98%E0%A4%9F%E0%A4%A8%E0%A4%BE%E0%A4%95%E0%A5%8D%E0%A4%B0%E0%A4%AE
2026-02-04 16:09:26,466 - INFO - Visiting: https://mohfw.gov.in/?q=press-release
2026-02-04 16:09:28,742 - INFO - Visiting: https://mohfw.gov.in/?q=hi/contactus/department-health-and-family-welfare-directory
2026-02-04 16:09:30,664 - INFO - Visiting: https://mohfw.gov.in/?q=hi/%E0%A4%B9%E0%A4%AE%E0%A4%B8%E0%A5%87-%E0%A4%B8%E0%A4%82%E0%A4%AA%E0%A4%B0%E0%A5%8D%E0%A4%95-%E0%A4%95%E0%A4%B0%E0%A5%87%E0%A4%82/%E0%A4%B5%E0%A5%87%E0%A4%AC-%E0%A4%B8%E0%A5%82%E0%A4%9A%E0%A4%A8%E0%A4%BE-%E0%A4%AA%E0%A5%8D%E0%A4%B0%E0%A4%AC%E0%A4%82%E0%A4%A7%E0%A4%95
2026-02-04 16:09:35,843 - INFO - Visiting: https://mohfw.gov.in/?q=hi/%E0%A4%B9%E0%A4%AE%E0%A4%B8%E0%A5%87-%E0%A4%B8%E0%A4%82%E0%A4%AA%E0%A4%B0%E0%A5%8D%E0%A4%95-%E0%A4%95%E0%A4%B0%E0%A5%87%E0%A4%82/%E0%A4%B2%E0%A5%8B%E0%A4%95-%E0%A4%B6%E0%A4%BF%E0%A4%95%E0%A4%BE%E0%A4%AF%E0%A4%A4-%E0%A4%85%E0%A4%A7%E0%A4%BF%E0%A4%95%E0%A4%BE%E0%A4%B0%E0%A5%80-%E0%A4%B5%E0%A4%BF%E0%A4%B5%E0%A4%B0%E0%A4%A3
2026-02-04 16:09:38,680 - INFO - Visiting: https://mohfw.gov.in/?q=hi/%E0%A4%B9%E0%A4%AE%E0%A4%B8%E0%A5%87%20%E0%A4%B8%E0%A4%82%E0%A4%AA%E0%A4%B0%E0%A5%8D%E0%A4%95%20%E0%A4%95%E0%A4%B0%E0%A5%87%E0%A4%82/%E0%A4%B8%E0%A5%82%E0%A4%9A%E0%A4%A8%E0%A4%BE-%E0%A4%AA%E0%A5%8D%E0%A4%B0%E0%A5%8C%E0%A4%A6%E0%A5%8D%E0%A4%AF%E0%A5%8B%E0%A4%97%E0%A4%BF%E0%A4%95%E0%A5%80-%E0%A4%95%E0%A5%87-%E0%A4%AA%E0%A5%8D%E0%A4%B0%E0%A4%BE%E0%A4%B5%E0%A4%A7%E0%A4%BE%E0%A4%A8-%E0%A4%95%E0%A5%87-%E0%A4%A4%E0%A4%B9%E0%A4%A4-%E0%A4%A8%E0%A5%8B%E0%A4%A1%E0%A4%B2-%E0%A4%85%E0%A4%A7%E0%A4%BF%E0%A4%95%E0%A4%BE%E0%A4%B0%E0%A5%80
2026-02-04 16:09:41,772 - INFO - Visiting: https://mohfw.gov.in/sites/default/files/pollution.pdf
2026-02-04 16:10:20,679 - INFO - Downloaded: pollution.pdf (15612.86 KB)
2026-02-04 16:10:20,733 - INFO - Visiting: https://mohfw.gov.in/?q=en/organisation/Departments-of-Health-and-Family-Welfare
2026-02-04 16:10:32,714 - WARNING - Attempt 1/3 failed for https://mohfw.gov.in/?q=en/organisation/Departments-of-Health-and-Family-Welfare: ('Connection aborted.', ConnectionResetError(10054, 'An existing connection was forcibly closed by the remote host', None, 10054, None))
2026-02-04 16:10:45,914 - WARNING - Attempt 2/3 failed for https://mohfw.gov.in/?q=en/organisation/Departments-of-Health-and-Family-Welfare: ('Connection aborted.', ConnectionResetError(10054, 'An existing connection was forcibly closed by the remote host', None, 10054, None))
2026-02-04 16:10:48,947 - INFO - Visiting: https://mohfw.gov.in/?q=hi/newshighlights-78
2026-02-04 16:10:50,877 - INFO - Visiting: https://mohfw.gov.in/?q=hi/newshighlights-77
2026-02-04 16:10:53,450 - INFO - Visiting: https://mohfw.gov.in/?q=hi/newshighlights-69
2026-02-04 16:10:57,138 - INFO - Visiting: https://mohfw.gov.in/media/news-and-highlights
2026-02-04 16:10:59,060 - INFO - Visiting: https://hmis.mohfw.gov.in
2026-02-04 16:11:01,076 - INFO - Visiting: https://cghs.mohfw.gov.in/AHIMSG5/hissso/Login
2026-02-04 16:11:03,372 - INFO - Visiting: https://mohfw.gov.in/?q=hi/vacancy
2026-02-04 16:11:05,385 - INFO - Visiting: https://mohfw.gov.in/?q=en/basicpage-65
2026-02-04 16:11:07,239 - INFO - Visiting: https://mohfw.gov.in/right-information-rti/rti-act-for-ministry
2026-02-04 16:11:09,985 - INFO - Visiting: https://mohfw.gov.in/major-programmes/poor-patients-financial-support
2026-02-04 16:11:13,330 - INFO - Visiting: https://mohfw.gov.in/?q=hi/%E0%A4%A8%E0%A4%BF%E0%A4%AC%E0%A4%82%E0%A4%A7%E0%A4%A8-%E0%A4%94%E0%A4%B0-%E0%A4%B6%E0%A4%B0%E0%A5%8D%E0%A4%A4%E0%A5%87%E0%A4%82
2026-02-04 16:11:16,597 - INFO - Visiting: https://mohfw.gov.in/?q=hi/%E0%A4%AE%E0%A4%A6%E0%A4%A6
2026-02-04 16:11:19,768 - INFO - Visiting: https://mohfw.gov.in/?q=hi/webform
2026-02-04 16:11:22,566 - INFO - Visiting: https://mohfw.gov.in/?q=hi/visitor-analytics
2026-02-04 16:11:25,515 - INFO - Visiting: https://mohfw.gov.in/sites/default/files/STQC.pdf
2026-02-04 16:11:28,419 - INFO - Downloaded: STQC.pdf (369.58 KB)
2026-02-04 16:11:28,420 - INFO - Visiting: https://mohfw.gov.in/en/site-map
2026-02-04 16:11:31,459 - INFO - Visiting: https://mohfw.gov.in/?q=hi/site-map
2026-02-04 16:11:34,655 - INFO - Visiting: https://mohfw.gov.in/site-map
2026-02-04 16:11:36,780 - INFO - Visiting: https://mohfw.gov.in/hi
2026-02-04 16:11:38,866 - INFO - Visiting: https://mohfw.gov.in/?q=en
2026-02-04 16:11:40,823 - INFO - Visiting: https://mohfw.gov.in/?q=en/about-us/about-the-ministry
2026-02-04 16:11:42,826 - INFO - Visiting: https://mohfw.gov.in/?q=en/about-us/whos-who
2026-02-04 16:11:44,904 - INFO - Visiting: https://mohfw.gov.in/?q=en/basicpage-37
2026-02-04 16:11:47,305 - INFO - Visiting: https://mohfw.gov.in/?q=en/about-us/meet-the-ministers/minister-of-states
2026-02-04 16:11:50,517 - INFO - Visiting: https://mohfw.gov.in/?q=en/about-us/meet-the-ministers/social-media-update/twitter-feeds
2026-02-04 16:11:53,779 - INFO - Visiting: https://mohfw.gov.in/?q=en/about-us/meet-the-ministers/contact-details
2026-02-04 16:11:55,734 - INFO - Visiting: https://mohfw.gov.in/?q=en/basicpage-48
2026-02-04 16:11:57,672 - INFO - Visiting: https://mohfw.gov.in/?q=en/about-us/constitutional-provisions
2026-02-04 16:11:59,642 - INFO - Visiting: https://dghs.mohfw.gov.in/index.php
2026-02-04 16:12:01,629 - INFO - Visiting: https://mohfw.gov.in/?q=en/autonomous-bodies
2026-02-04 16:12:03,675 - INFO - Visiting: https://mohfw.gov.in/?q=en/state-health-department
2026-02-04 16:12:05,829 - INFO - Visiting: https://mohfw.gov.in/?q=en/Organisation/state-health-societies
2026-02-04 16:12:12,259 - INFO - Visiting: https://mohfw.gov.in/?q=en/Organisation/hospitals
2026-02-04 16:12:14,076 - INFO - Visiting: https://mohfw.gov.in/?q=en/Organisation/Institutions/teaching-institutions
2026-02-04 16:12:16,809 - INFO - Visiting: https://mohfw.gov.in/?q=en/Organisation/Institutions/research-institutions
2026-02-04 16:12:18,794 - INFO - Visiting: https://tbcindia.mohfw.gov.in/
2026-02-04 16:12:24,844 - INFO - Visiting: https://mohfw.gov.in/?q=en/Major-Programmes/Non-Communicable-Diseases-Injury-Trauma/Non-Communicable-Diseases-1
2026-02-04 16:12:26,828 - INFO - Visiting: https://mohfw.gov.in/?q=en/Major-Programmes/non-communicable-diseases-injury-trauma/National-Mental-Health-Programme-NMHP
2026-02-04 16:12:29,621 - INFO - Visiting: https://mohfw.gov.in/?q=en/major-programmes/Non-Communicable-Diseases/Non-Communicable-Diseases-1
2026-02-04 16:12:32,171 - INFO - Visiting: https://mohfw.gov.in/?q=en/Major-Programmes/Non-Communicable-Diseases-Injury-Trauma/National-Programme-for-Prevention-and-Control-of-Deafness-NPPCD
2026-02-04 16:12:34,613 - INFO - Visiting: https://mohfw.gov.in/?q=en/Major-Programmes/non-communicable-diseases-injury-trauma/Non-Communicable-Disease-II/National-Programme-for-Prevention-and-Control-of-Cancer-Diabetes-Cardiovascular-diseases-and-Stroke-NPCDCS
2026-02-04 16:12:36,693 - INFO - Visiting: https://mohfw.gov.in/?q=en/Major-Programmes/non-communicable-diseases-injury-trauma/Non-Communicable-Disease-II/pradhan-mantri-national-dialysis-programme-under-nhm
2026-02-04 16:12:39,937 - INFO - Visiting: https://mohfw.gov.in/?q=en/basicpage-6
2026-02-04 16:12:43,145 - INFO - Visiting: https://mohfw.gov.in/?q=en/tbmuktbharat
2026-02-04 16:12:45,524 - INFO - Visiting: https://mohfw.gov.in/?q=en/basicpage-64
2026-02-04 16:12:48,499 - INFO - Visiting: https://mohfw.gov.in/?q=en/photo-galleryrecent
2026-02-04 16:12:51,769 - INFO - Visiting: https://mohfw.gov.in/?q=press-release-tb
2026-02-04 16:12:53,716 - INFO - Visiting: https://mohfw.gov.in/digitalmedia
2026-02-04 16:12:55,575 - INFO - Visiting: https://mohfw.gov.in/regionalnews
2026-02-04 16:13:06,590 - WARNING - Attempt 1/3 failed for https://mohfw.gov.in/regionalnews: HTTPSConnectionPool(host='mohfw.gov.in', port=443): Max retries exceeded with url: /regionalnews (Caused by ConnectTimeoutError(<HTTPSConnection(host='mohfw.gov.in', port=443) at 0x23d0a6d6210>, 'Connection to mohfw.gov.in timed out. (connect timeout=10)'))
2026-02-04 16:13:09,993 - INFO - Visiting: https://mohfw.gov.in/socialmedia
2026-02-04 16:13:12,015 - INFO - Visiting: https://mohfw.gov.in/?q=en/basicpage-44
2026-02-04 16:13:14,114 - INFO - Visiting: https://mohfw.gov.in/?q=en/major-programmes/infrastructure-maintenance
2026-02-04 16:13:17,173 - INFO - Visiting: https://mohfw.gov.in/?q=en/Major-Programmes/poor-patients-financial-support
2026-02-04 16:13:20,038 - INFO - Visiting: https://mohfw.gov.in/?q=en/major-programmes/other-national-health-programmes
2026-02-04 16:13:21,971 - INFO - Visiting: https://mohfw.gov.in/?q=en/Major-Programmes/Health-Meals
2026-02-04 16:13:23,934 - INFO - Visiting: https://ncdc.mohfw.gov.in/centre-for-environmental-occupational-health-climate-change-health/
2026-02-04 16:13:26,719 - INFO - Visiting: https://mohfw.gov.in/?q=en/Major-Programmes/basicpage-22
2026-02-04 16:13:28,774 - INFO - Visiting: https://mohfw.gov.in/?q=en/Major-Programmes/universal-immunization-programme-uip
2026-02-04 16:13:31,037 - INFO - Visiting: https://mohfw.gov.in/?q=en/Major-Programmes/Pulse-Polio-Programme
2026-02-04 16:13:33,449 - INFO - Visiting: https://mohfw.gov.in/?q=en/documents/reports
2026-02-04 16:13:35,334 - INFO - Visiting: https://mohfw.gov.in/?q=en/documents/policy
2026-02-04 16:13:37,390 - INFO - Visiting: https://mohfw.gov.in/?q=en/documents/rfd
2026-02-04 16:13:40,189 - INFO - Visiting: https://mohfw.gov.in/?q=en/documents/budget/expenditure-budget
2026-02-04 16:13:42,249 - INFO - Visiting: https://mohfw.gov.in/?q=en/documents/Budget/outcome%20budget
2026-02-04 16:13:45,531 - INFO - Visiting: https://mohfw.gov.in/?q=en/documents/publication
2026-02-04 16:13:47,627 - INFO - Visiting: https://mohfw.gov.in/?q=en/circulars-ahs
2026-02-04 16:13:50,689 - INFO - Visiting: https://mohfw.gov.in/?q=en/Circulars/CGHS
2026-02-04 16:13:53,981 - INFO - Visiting: https://mohfw.gov.in/?q=en/Organisation/Departments-of-Health-and-Family-Welfare/chs/chs-v/orders-and-circular-chs-v
2026-02-04 16:13:55,819 - INFO - Visiting: https://mohfw.gov.in/?q=en/Documents/Circulars/Hospital-II
2026-02-04 16:13:57,652 - INFO - Visiting: https://mohfw.gov.in/?q=en/Circulars/PH%20Division
2026-02-04 16:14:00,252 - INFO - Visiting: https://mohfw.gov.in/?q=en/Documents/Recruitment-Rules
2026-02-04 16:14:02,552 - INFO - Visiting: https://mohfw.gov.in/?q=en/Documents/Forms
2026-02-04 16:14:04,753 - INFO - Visiting: https://mohfw.gov.in/?q=en/documents/program-guidelines
2026-02-04 16:14:07,648 - INFO - Visiting: https://mohfw.gov.in/?q=en/documents/basicpage-22
2026-02-04 16:14:10,189 - INFO - Visiting: https://mohfw.gov.in/?q=en/documents/ImplementationofAB-HWCsintheStates/UTs
2026-02-04 16:14:16,891 - INFO - Visiting: https://mohfw.gov.in/?q=en/acts-rules-and-standards-health-sector/acts
2026-02-04 16:14:18,909 - INFO - Visiting: https://mohfw.gov.in/?q=en/acts-rules-and-standards-health-sector/notifications
2026-02-04 16:14:20,848 - INFO - Visiting: https://mohfw.gov.in/?q=en/Documents/vision-mission-and-objective-statement-mohfw
2026-02-04 16:14:23,504 - INFO - Visiting: https://rarediseases.mohfw.gov.in/
2026-02-04 16:14:26,108 - INFO - Visiting: https://mohfw.gov.in/?q=en/digital-payment
2026-02-04 16:14:28,417 - INFO - Visiting: https://mohfw.gov.in/?q=en/digital-services/medical-education-counselling
2026-02-04 16:14:30,244 - INFO - Visiting: https://mohfw.gov.in/?q=en/basicpage-66
2026-02-04 16:14:32,406 - INFO - Visiting: https://ecare.mohfw.gov.in/
2026-02-04 16:14:34,431 - INFO - Visiting: https://mohfw.gov.in/sites/default/files/Citizen%20Charter%20Final.pdf
2026-02-04 16:14:38,747 - INFO - Downloaded: Citizen20Charter20Final.pdf (766.86 KB)
2026-02-04 16:14:38,748 - INFO - Visiting: https://mohfw.gov.in/?q=en/E-Citizen-and-Tender/csma
2026-02-04 16:14:40,726 - INFO - Visiting: https://mohfw.gov.in/?q=en/e-tender
2026-02-04 16:14:43,451 - INFO - Visiting: https://mohfw.gov.in/?q=en/basicpage-0
2026-02-04 16:14:46,803 - INFO - Visiting: https://mohfw.gov.in/?q=en/basicpage-rti
2026-02-04 16:14:50,367 - INFO - Visiting: https://mohfw.gov.in/?q=en/photo-gallery
2026-02-04 16:14:53,051 - INFO - Visiting: https://mohfw.gov.in/?q=en/press-release
2026-02-04 16:14:54,947 - INFO - Visiting: https://mohfw.gov.in/?q=en/media/news-and-highlights
2026-02-04 16:14:56,964 - INFO - Visiting: https://mohfw.gov.in/?q=en/media/events-announcements
2026-02-04 16:14:58,942 - INFO - Visiting: https://mohfw.gov.in/?q=en/media/disease-alerts
2026-02-04 16:15:01,840 - INFO - Visiting: https://mohfw.gov.in/?q=en/media/key-developments
2026-02-04 16:15:04,556 - INFO - Visiting: https://mohfw.gov.in/?q=en/media/major-achievements
2026-02-04 16:15:07,661 - INFO - Visiting: https://mohfw.gov.in/?q=en/basicpage-17
2026-02-04 16:15:09,587 - INFO - Visiting: https://mohfw.gov.in/?q=en/contact-us/department-health-and-family-welfare-directory
2026-02-04 16:15:12,146 - INFO - Visiting: https://mohfw.gov.in/?q=en/basicpage/details-nodal-officer-monitoring-court-cases-respect-dohfw
2026-02-04 16:15:14,718 - INFO - Visiting: https://mohfw.gov.in/?q=en/Contact%20us/nodal-officer-under-provision-information-technology
2026-02-04 16:15:18,125 - INFO - Visiting: https://mohfw.gov.in/?q=en/Contact-Us/public-grievance-officer-details
2026-02-04 16:15:20,023 - INFO - Visiting: https://mohfw.gov.in/?q=en/contactus/department-health-and-family-welfare-directory
2026-02-04 16:15:21,984 - INFO - Visiting: https://mohfw.gov.in/sites/default/files/jagatprakashnadda.pdf
2026-02-04 16:15:25,281 - INFO - Downloaded: jagatprakashnadda.pdf (410.35 KB)
2026-02-04 16:15:25,283 - INFO - Visiting: https://mohfw.gov.in/sites/default/files/patel.pdf
2026-02-04 16:15:28,487 - INFO - Downloaded: patel.pdf (427.65 KB)
2026-02-04 16:15:28,488 - INFO - Visiting: https://mohfw.gov.in/?q=en/newshighlights-266
2026-02-04 16:15:30,499 - INFO - Visiting: https://mohfw.gov.in/?q=en/newshighlights-265
2026-02-04 16:15:33,582 - INFO - Visiting: https://mohfw.gov.in/?q=en/newshighlights-264
2026-02-04 16:15:36,232 - INFO - Visiting: https://mohfw.gov.in/?q=en/vacancy
2026-02-04 16:15:38,967 - INFO - Visiting: https://mohfw.gov.in/?q=en/website-policies
2026-02-04 16:15:41,274 - INFO - Visiting: https://mohfw.gov.in/terms-use
2026-02-04 16:15:43,826 - INFO - Visiting: https://mohfw.gov.in/help
2026-02-04 16:15:46,137 - INFO - Visiting: http://mohfw.gov.in/node/4401
2026-02-04 16:15:49,706 - INFO - Visiting: https://tbcindia.mohfw.gov.in?darkmode
2026-02-04 16:15:56,006 - INFO - Visiting: https://tbcindia.mohfw.gov.in?lightmode
2026-02-04 16:16:02,379 - INFO - Visiting: https://tbcindia.mohfw.gov.in/help/
2026-02-04 16:16:08,693 - INFO - Visiting: https://main.mohfw.gov.in/
2026-02-04 16:16:09,922 - WARNING - Attempt 1/3 failed for https://main.mohfw.gov.in/: HTTPSConnectionPool(host='main.mohfw.gov.in', port=443): Max retries exceeded with url: / (Caused by NameResolutionError("HTTPSConnection(host='main.mohfw.gov.in', port=443): Failed to resolve 'main.mohfw.gov.in' ([Errno 11001] getaddrinfo failed)"))
2026-02-04 16:16:11,926 - WARNING - Attempt 2/3 failed for https://main.mohfw.gov.in/: HTTPSConnectionPool(host='main.mohfw.gov.in', port=443): Max retries exceeded with url: / (Caused by NameResolutionError("HTTPSConnection(host='main.mohfw.gov.in', port=443): Failed to resolve 'main.mohfw.gov.in' ([Errno 11001] getaddrinfo failed)"))
2026-02-04 16:16:13,933 - WARNING - Attempt 3/3 failed for https://main.mohfw.gov.in/: HTTPSConnectionPool(host='main.mohfw.gov.in', port=443): Max retries exceeded with url: / (Caused by NameResolutionError("HTTPSConnection(host='main.mohfw.gov.in', port=443): Failed to resolve 'main.mohfw.gov.in' ([Errno 11001] getaddrinfo failed)"))
2026-02-04 16:16:15,934 - ERROR - Failed to fetch https://main.mohfw.gov.in/ after 3 attempts
2026-02-04 16:16:15,937 - INFO - Visiting: https://tbcindia.mohfw.gov.in/about-us/
2026-02-04 16:16:21,912 - INFO - Visiting: https://tbcindia.mohfw.gov.in/concept-note/
2026-02-04 16:16:27,995 - INFO - Visiting: https://tbcindia.mohfw.gov.in/recent-photo/
2026-02-04 16:16:33,519 - INFO - Visiting: https://tbcindia.mohfw.gov.in/launch-event/
2026-02-04 16:16:40,736 - INFO - Visiting: https://tbcindia.mohfw.gov.in/press-release-link-on-pib-2/press-release-link-on-pib/
2026-02-04 16:16:50,038 - INFO - Visiting: https://tbcindia.mohfw.gov.in/digital-coffee-table-book/
2026-02-04 16:16:56,455 - INFO - Visiting: https://tbcindia.mohfw.gov.in/thematic-areas/
2026-02-04 16:17:03,767 - INFO - Visiting: https://tbcindia.mohfw.gov.in/community-engagement/
2026-02-04 16:17:15,091 - INFO - Visiting: https://tbcindia.mohfw.gov.in/elected-representative-handbooks/
2026-02-04 16:17:32,285 - INFO - Visiting: https://tbcindia.mohfw.gov.in/adverse-drug-reaction-adrs-tb/
2026-02-04 16:17:38,812 - INFO - Visiting: https://tbcindia.mohfw.gov.in/priority-population/
2026-02-04 16:17:47,676 - INFO - Visiting: https://tbcindia.mohfw.gov.in/multisectoral-coordination/
2026-02-04 16:17:55,770 - INFO - Visiting: https://tbcindia.mohfw.gov.in/pmtpt/
2026-02-04 16:18:01,673 - INFO - Visiting: https://tbcindia.mohfw.gov.in/pradhan-mantri-tb-mukt-bharat-abhiyaan/
2026-02-04 16:18:07,441 - INFO - Visiting: https://tbcindia.mohfw.gov.in/laboratory-and-diagnostic-services/
2026-02-04 16:18:12,703 - INFO - Visiting: https://tbcindia.mohfw.gov.in/pediatric-tb/
2026-02-04 16:18:17,947 - INFO - Visiting: https://tbcindia.mohfw.gov.in/airborne-infection-control/
2026-02-04 16:18:23,237 - INFO - Visiting: https://tbcindia.mohfw.gov.in/direct-benefit-transfer/
